|j|☆KurisuChestnutOU
|j|☆tauros3
|t:|1781125812
|gametype|singles
|player|p1|KurisuChestnutOU|may-contest|1589
|player|p2|tauros3|swimmer-gen4dp|1584
|gen|9
|tier|[Gen 9] OU
|rated|
|rule|HP Percentage Mod: HP is shown in percentages
|rule|Endless Battle Clause: Forcing endless battles is banned
|rule|Species Clause: Limit one of each Pokémon
|rule|OHKO Clause: OHKO moves are banned
|rule|Evasion Items Clause: Evasion items are banned
|rule|Evasion Moves Clause: Evasion moves are banned
|rule|Evasion Abilities Clause: Evasion abilities are banned
|rule|Sleep Moves Clause: Sleep-inducing moves are banned
|clearpoke
|poke|p1|Ting-Lu|
|poke|p1|Corviknight, M|
|poke|p1|Clodsire, M|
|poke|p1|Moltres|
|poke|p1|Dragapult, M|
|poke|p1|Garganacl, M|
|poke|p2|Ninetales-Alola, F|
|poke|p2|Cloyster, F|
|poke|p2|Moltres-Galar|
|poke|p2|Ursaluna, F|
|poke|p2|Hatterene, F|
|poke|p2|Cinderace, M|
|teampreview
|inactive|Battle timer is ON: inactive players will automatically lose when time's up. (requested by tauros3)
|inactive|KurisuChestnutOU also wants the timer to be on.
|
|t:|1781125826
|teamsize|p1|6
|teamsize|p2|6
|start
|switch|p1a: Ting-Lu|Ting-Lu|100/100
|switch|p2a: Pink Triangle|Hatterene, F|100/100
|-ability|p1a: Ting-Lu|Vessel of Ruin
|turn|1
|inactive|KurisuChestnutOU has 120 seconds left.
|inactive|KurisuChestnutOU has 90 seconds left.
|inactive|KurisuChestnutOU has 60 seconds left.
|inactive|KurisuChestnutOU has 30 seconds left.
|inactive|KurisuChestnutOU has 20 seconds left.
|inactive|KurisuChestnutOU has 15 seconds left.
|inactive|KurisuChestnutOU has 10 seconds left.
|inactive|KurisuChestnutOU has 5 seconds left.
|-message|KurisuChestnutOU lost due to inactivity.
|
|win|tauros3
|raw|KurisuChestnutOU's rating: 1619 &rarr; <strong>1597</strong><br />(-22 for losing)
|raw|tauros3's rating: 1584 &rarr; <strong>1606</strong><br />(+22 for winning)
