|j|☆OUZQ Crocodile
|j|☆serpico XD
|t:|1781083119
|gametype|singles
|player|p1|OUZQ Crocodile|169|1667
|player|p2|serpico XD|blue|1614
|gen|9
|tier|[Gen 9] OU
|rated|
|rule|HP Percentage Mod: HP is shown in percentages
|rule|Endless Battle Clause: Forcing endless battles is banned
|rule|Species Clause: Limit one of each Pokémon
|rule|OHKO Clause: OHKO moves are banned
|rule|Evasion Items Clause: Evasion items are banned
|rule|Evasion Moves Clause: Evasion moves are banned
|rule|Evasion Abilities Clause: Evasion abilities are banned
|rule|Sleep Moves Clause: Sleep-inducing moves are banned
|clearpoke
|poke|p1|Tyranitar, M|
|poke|p1|Latios, M|
|poke|p1|Sandshrew, F|
|poke|p1|Mamoswine, M|
|poke|p1|Landorus-Therian, M|
|poke|p1|Rotom-Wash|
|poke|p2|Moltres|
|poke|p2|Darkrai|
|poke|p2|Iron Treads|
|poke|p2|Slowking-Galar, F|
|poke|p2|Zamazenta-*|
|poke|p2|Kingambit, M|
|teampreview
|j| biryanireqs
|inactive|Battle timer is ON: inactive players will automatically lose when time's up. (requested by OUZQ Crocodile)
|
|t:|1781083153
|teamsize|p1|6
|teamsize|p2|6
|start
|switch|p1a: Tyranitar|Tyranitar, M|100/100
|switch|p2a: Moltres|Moltres|100/100
|-weather|Sandstorm|[from] ability: Sand Stream|[of] p1a: Tyranitar
|turn|1
|
|t:|1781083159
|move|p1a: Tyranitar|Stone Edge|p2a: Moltres
|-supereffective|p2a: Moltres
|-damage|p2a: Moltres|0 fnt
|faint|p2a: Moltres
|
|-weather|Sandstorm|[upkeep]
|upkeep
|
|t:|1781083166
|switch|p2a: Kingambit|Kingambit, M|100/100
|-activate|p2a: Kingambit|ability: Supreme Overlord
|-start|p2a: Kingambit|fallen1|[silent]
|turn|2
|
|t:|1781083177
|move|p1a: Tyranitar|Low Kick|p2a: Kingambit
|-supereffective|p2a: Kingambit
|-damage|p2a: Kingambit|0 fnt
|faint|p2a: Kingambit
|-end|p2a: Kingambit|fallen1|[silent]
|
|-weather|Sandstorm|[upkeep]
|upkeep
|
|t:|1781083183
|switch|p2a: Iron Treads|Iron Treads|100/100
|turn|3
|
|t:|1781083187
|switch|p1a: Sandshrew|Sandshrew, F|100/100
|move|p2a: Iron Treads|Earthquake|p1a: Sandshrew
|-damage|p1a: Sandshrew|20/100
|
|-weather|Sandstorm|[upkeep]
|upkeep
|turn|4
|
|t:|1781083192
|-terastallize|p1a: Sandshrew|Ground
|move|p1a: Sandshrew|Earthquake|p2a: Iron Treads
|-supereffective|p2a: Iron Treads
|-damage|p2a: Iron Treads|0 fnt
|faint|p2a: Iron Treads
|-end|p2a: Iron Treads|Quark Drive|[silent]
|
|-weather|Sandstorm|[upkeep]
|upkeep
|-message|serpico XD forfeited.
|
|win|OUZQ Crocodile
|raw|OUZQ Crocodile's rating: 1667 &rarr; <strong>1684</strong><br />(+17 for winning)
|raw|serpico XD's rating: 1614 &rarr; <strong>1597</strong><br />(-17 for losing)
|l|☆serpico XD
|player|p2|
|l| biryanireqs
|j| liechiteladihul
|l| liechiteladihul
|l|☆OUZQ Crocodile
|player|p1|
|j| GengarAdept
