|j|☆Trainer #39
|j|☆Dat boii fam
|t:|1781446295
|gametype|singles
|player|p1|Trainer #39|bugsy|1773
|player|p2|Dat boii fam|li|1712
|gen|9
|tier|[Gen 9] OU
|rated|
|rule|HP Percentage Mod: HP is shown in percentages
|rule|Endless Battle Clause: Forcing endless battles is banned
|rule|Species Clause: Limit one of each Pokémon
|rule|OHKO Clause: OHKO moves are banned
|rule|Evasion Items Clause: Evasion items are banned
|rule|Evasion Moves Clause: Evasion moves are banned
|rule|Evasion Abilities Clause: Evasion abilities are banned
|rule|Sleep Moves Clause: Sleep-inducing moves are banned
|clearpoke
|poke|p1|Blissey, F|
|poke|p1|Corviknight, M|
|poke|p1|Dondozo, M|
|poke|p1|Gliscor, M|
|poke|p1|Clefable, M|
|poke|p1|Slowking-Galar, M|
|poke|p2|Alomomola, F|
|poke|p2|Landorus-Therian, M|
|poke|p2|Zapdos|
|poke|p2|Tornadus-Therian, M|
|poke|p2|Scizor, M|
|poke|p2|Amoonguss, M|
|teampreview
|j| JakobPetersonV
|
|t:|1781446318
|teamsize|p1|6
|teamsize|p2|6
|start
|switch|p1a: Free Palestine|Gliscor, M|100/100
|switch|p2a: Tornadus|Tornadus-Therian, M|100/100
|turn|1
|c| JakobPetersonV|yyy back at it
|inactive|Battle timer is ON: inactive players will automatically lose when time's up. (requested by Dat boii fam)
|j| Schlafparalyse
|l| JakobPetersonV
|
|t:|1781446337
|move|p1a: Free Palestine|Protect|p1a: Free Palestine
|-singleturn|p1a: Free Palestine|Protect
|move|p2a: Tornadus|Nasty Plot|p2a: Tornadus
|-boost|p2a: Tornadus|spa|2
|
|-status|p1a: Free Palestine|tox|[from] item: Toxic Orb
|upkeep
|turn|2
|
|t:|1781446344
|switch|p1a: Free Lebanon|Clefable, M|100/100
|move|p2a: Tornadus|Nasty Plot|p2a: Tornadus
|-boost|p2a: Tornadus|spa|2
|
|upkeep
|turn|3
|
|t:|1781446353
|move|p2a: Tornadus|Bleakwind Storm|p1a: Free Lebanon
|-damage|p1a: Free Lebanon|67/100
|-unboost|p1a: Free Lebanon|spe|1
|move|p1a: Free Lebanon|Knock Off|p2a: Tornadus
|-damage|p2a: Tornadus|78/100
|-enditem|p2a: Tornadus|Heavy-Duty Boots|[from] move: Knock Off|[of] p1a: Free Lebanon
|
|upkeep
|turn|4
|
|t:|1781446367
|move|p2a: Tornadus|Bleakwind Storm|p1a: Free Lebanon|[miss]
|-miss|p2a: Tornadus|p1a: Free Lebanon
|move|p1a: Free Lebanon|Wish|p1a: Free Lebanon
|
|upkeep
|turn|5
|
|t:|1781446375
|switch|p2a: Amoonguss|Amoonguss, M|100/100
|move|p1a: Free Lebanon|Knock Off|p2a: Amoonguss
|-damage|p2a: Amoonguss|89/100
|-damage|p1a: Free Lebanon|50/100|[from] item: Rocky Helmet|[of] p2a: Amoonguss
|-enditem|p2a: Amoonguss|Rocky Helmet|[from] move: Knock Off|[of] p1a: Free Lebanon
|
|-heal|p1a: Free Lebanon|99/100|[from] move: Wish|[wisher] Free Lebanon
|upkeep
|turn|6
|-message|Dat boii fam forfeited.
|
|win|Trainer #39
|raw|Trainer #39's rating: 1773 &rarr; <strong>1790</strong><br />(+17 for winning)
|raw|Dat boii fam's rating: 1712 &rarr; <strong>1695</strong><br />(-17 for losing)
|l|☆Dat boii fam
|player|p2|
|l|☆Trainer #39
|player|p1|
