|j|☆jhfsjdhfksjdhf
|j|☆KurisuChestnutLab
|t:|1781139148
|gametype|singles
|player|p1|jhfsjdhfksjdhf|2|1576
|player|p2|KurisuChestnutLab|may-contest|1627
|gen|9
|tier|[Gen 9] OU
|rated|
|rule|HP Percentage Mod: HP is shown in percentages
|rule|Endless Battle Clause: Forcing endless battles is banned
|rule|Species Clause: Limit one of each Pokémon
|rule|OHKO Clause: OHKO moves are banned
|rule|Evasion Items Clause: Evasion items are banned
|rule|Evasion Moves Clause: Evasion moves are banned
|rule|Evasion Abilities Clause: Evasion abilities are banned
|rule|Sleep Moves Clause: Sleep-inducing moves are banned
|clearpoke
|poke|p1|Ribombee, F|
|poke|p1|Gholdengo|
|poke|p1|Landorus-Therian, M|
|poke|p1|Samurott-Hisui, F|
|poke|p1|Pecharunt|
|poke|p1|Dragonite, F|
|poke|p2|Zamazenta-*|
|poke|p2|Zapdos|
|poke|p2|Garganacl, F|
|poke|p2|Clefable, M|
|poke|p2|Samurott-Hisui, F|
|poke|p2|Gholdengo|
|teampreview
|inactive|Battle timer is ON: inactive players will automatically lose when time's up. (requested by KurisuChestnutLab)
|inactive|jhfsjdhfksjdhf has 120 seconds left.
|inactive|jhfsjdhfksjdhf has 90 seconds left.
|inactive|jhfsjdhfksjdhf has 60 seconds left.
|inactive|jhfsjdhfksjdhf has 30 seconds left.
|inactive|jhfsjdhfksjdhf has 20 seconds left.
|inactive|jhfsjdhfksjdhf has 15 seconds left.
|inactive|jhfsjdhfksjdhf has 10 seconds left.
|inactive|jhfsjdhfksjdhf has 5 seconds left.
|-message|jhfsjdhfksjdhf lost due to inactivity.
|
|win|KurisuChestnutLab
|raw|jhfsjdhfksjdhf's rating: 1576 &rarr; <strong>1560</strong><br />(-16 for losing)
|raw|KurisuChestnutLab's rating: 1644 &rarr; <strong>1660</strong><br />(+16 for winning)
