|j|☆gyhe
|j|☆Humerus_Skelepun
|t:|1781207553
|gametype|singles
|player|p1|gyhe|1|1534
|player|p2|Humerus_Skelepun|266|1610
|gen|9
|tier|[Gen 9] OU
|rated|
|rule|HP Percentage Mod: HP is shown in percentages
|rule|Endless Battle Clause: Forcing endless battles is banned
|rule|Species Clause: Limit one of each Pokémon
|rule|OHKO Clause: OHKO moves are banned
|rule|Evasion Items Clause: Evasion items are banned
|rule|Evasion Moves Clause: Evasion moves are banned
|rule|Evasion Abilities Clause: Evasion abilities are banned
|rule|Sleep Moves Clause: Sleep-inducing moves are banned
|clearpoke
|poke|p1|Lokix, M|
|poke|p1|Pecharunt|
|poke|p1|Zamazenta-*|
|poke|p1|Ting-Lu|
|poke|p1|Latios, M|
|poke|p1|Gliscor, M|
|poke|p2|Vileplume, F|
|poke|p2|Kingambit, F|
|poke|p2|Moltres|
|poke|p2|Weavile, F|
|poke|p2|Great Tusk|
|poke|p2|Iron Valiant|
|teampreview
|inactive|Battle timer is ON: inactive players will automatically lose when time's up. (requested by Humerus_Skelepun)
|inactive|Humerus_Skelepun has 120 seconds left.
|
|t:|1781207599
|teamsize|p1|6
|teamsize|p2|6
|start
|switch|p1a: Gliscor|Gliscor, M|100/100
|switch|p2a: Great Tusk|Great Tusk|100/100
|turn|1
|-message|gyhe forfeited.
|
|win|Humerus_Skelepun
|raw|gyhe's rating: 1534 &rarr; <strong>1518</strong><br />(-16 for losing)
|raw|Humerus_Skelepun's rating: 1610 &rarr; <strong>1626</strong><br />(+16 for winning)
