|j|☆altyWIN
|j|☆seven-iwnl
|t:|1781475605
|gametype|singles
|player|p1|altyWIN|backpacker|1603
|player|p2|seven-iwnl|2|1627
|gen|9
|tier|[Gen 9] OU
|rated|
|rule|HP Percentage Mod: HP is shown in percentages
|rule|Endless Battle Clause: Forcing endless battles is banned
|rule|Species Clause: Limit one of each Pokémon
|rule|OHKO Clause: OHKO moves are banned
|rule|Evasion Items Clause: Evasion items are banned
|rule|Evasion Moves Clause: Evasion moves are banned
|rule|Evasion Abilities Clause: Evasion abilities are banned
|rule|Sleep Moves Clause: Sleep-inducing moves are banned
|clearpoke
|poke|p1|Excadrill, M|
|poke|p1|Tyranitar, F|
|poke|p1|Hydrapple, F|
|poke|p1|Alomomola, L99, M|
|poke|p1|Hatterene, F|
|poke|p1|Zapdos|
|poke|p2|Raging Bolt|
|poke|p2|Ribombee, M|
|poke|p2|Gholdengo|
|poke|p2|Great Tusk|
|poke|p2|Ogerpon-Cornerstone, F|
|poke|p2|Ceruledge, F|
|teampreview
|
|t:|1781475611
|teamsize|p1|6
|teamsize|p2|6
|start
|switch|p1a: Childinthemines|Excadrill, M|100/100
|switch|p2a: Ribombee|Ribombee, M, shiny|100/100
|turn|1
|
|t:|1781475624
|move|p2a: Ribombee|Stun Spore|p1a: Childinthemines|[miss]
|-miss|p2a: Ribombee|p1a: Childinthemines
|move|p1a: Childinthemines|Iron Head|p2a: Ribombee
|-supereffective|p2a: Ribombee
|-enditem|p2a: Ribombee|Focus Sash
|-damage|p2a: Ribombee|1/100
|
|upkeep
|turn|2
|
|t:|1781475631
|switch|p1a: Kim K|Hatterene, F|100/100
|move|p2a: Ribombee|Sticky Web|p1a: Kim K
|move|p1a: Kim K|Sticky Web|p2a: Ribombee|[from] ability: Magic Bounce
|-sidestart|p2: seven-iwnl|move: Sticky Web
|
|upkeep
|turn|3
|l|☆seven-iwnl
|player|p2|
|inactive|Battle timer is ON: inactive players will automatically lose when time's up. (requested by altyWIN)
|inactive|seven-iwnl has 30 seconds to reconnect!
|inactive|seven-iwnl has 20 seconds to reconnect!
|inactive|seven-iwnl has 15 seconds to reconnect!
|inactive|seven-iwnl has 10 seconds to reconnect!
|inactive|seven-iwnl has 5 seconds to reconnect!
|-message|seven-iwnl lost due to inactivity.
|
|win|altyWIN
|raw|altyWIN's rating: 1603 &rarr; <strong>1624</strong><br />(+21 for winning)
|raw|seven-iwnl's rating: 1627 &rarr; <strong>1606</strong><br />(-21 for losing)
|l|☆altyWIN
|player|p1|
